<?xml version="1.0" encoding="UTF-8"?>
<testng-results skipped="0" failed="0" ignored="0" total="1" passed="1">
  <reporter-output>
  </reporter-output>
  <suite name="Default suite" duration-ms="19300" started-at="2019-02-15T04:57:04Z" finished-at="2019-02-15T04:57:24Z">
    <groups>
    </groups>
    <test name="Default test" duration-ms="19300" started-at="2019-02-15T04:57:04Z" finished-at="2019-02-15T04:57:24Z">
      <class name="com.training.sanity.tests.CyclosCYTC_001">
        <test-method status="PASS" signature="setUpBeforeClass()[pri:0, instance:com.training.sanity.tests.CyclosCYTC_001@6f7fd0e6]" name="setUpBeforeClass" is-config="true" duration-ms="28" started-at="2019-02-15T04:57:04Z" finished-at="2019-02-15T04:57:04Z">
          <reporter-output>
          </reporter-output>
        </test-method> <!-- setUpBeforeClass -->
        <test-method status="PASS" signature="setUp()[pri:0, instance:com.training.sanity.tests.CyclosCYTC_001@6f7fd0e6]" name="setUp" is-config="true" duration-ms="6381" started-at="2019-02-15T04:57:04Z" finished-at="2019-02-15T04:57:11Z">
          <reporter-output>
          </reporter-output>
        </test-method> <!-- setUp -->
        <test-method status="PASS" signature="userAccountCreation()[pri:0, instance:com.training.sanity.tests.CyclosCYTC_001@6f7fd0e6]" name="userAccountCreation" duration-ms="12868" started-at="2019-02-15T04:57:11Z" finished-at="2019-02-15T04:57:24Z">
          <reporter-output>
          </reporter-output>
        </test-method> <!-- userAccountCreation -->
      </class> <!-- com.training.sanity.tests.CyclosCYTC_001 -->
    </test> <!-- Default test -->
  </suite> <!-- Default suite -->
</testng-results>
