<?xml version="1.0" encoding="UTF-8"?>
<!-- Generated by org.testng.reporters.JUnitXMLReporter -->
<testsuite hostname="DESKTOP-SC9RK3H" ignored="0" name="Default test" tests="3" failures="0" timestamp="08 Mar 2019 05:27:45 GMT" time="25.464" errors="0">
  <testcase name="createNewMember" time="16.209" classname="com.training.regression.tests.CYTC_065UserRegistrationAndProvideAccessToMemberDBTest"/>
  <testcase name="adminLoginTest" time="0.78" classname="com.training.regression.tests.CYTC_065UserRegistrationAndProvideAccessToMemberDBTest"/>
  <testcase name="provideAccessToMember" time="2.068" classname="com.training.regression.tests.CYTC_065UserRegistrationAndProvideAccessToMemberDBTest"/>
</testsuite> <!-- Default test -->
